<?xml version="1.0" encoding="UTF-8"?>
<!-- Generated by org.testng.reporters.JUnitReportReporter -->
<testsuite hostname="RoaaAbushaqrah" failures="0" tests="2" name="firstproject.MyTestCases" time="0.255" errors="0" timestamp="2024-12-27T19:16:45 EET" skipped="0">
  <testcase classname="firstproject.MyTestCases" name="myFirstTest" time="0.253"/>
  <testcase classname="firstproject.MyTestCases" name="mySecondTest" time="0.002"/>
</testsuite> <!-- firstproject.MyTestCases -->
